[1289218][1691923134525][main][info]["Booting Postman 10.16.0, linux-6.4.9-arch1-1 on x64"]
[1289218][1691923134528][main][info]["EventBus~initialize - Success"]
[1289218][1691923134530][main][info]["Proxy configuration has not been setup"]
[1289218][1691923134530][main][info]["CloudProxyManager~init - Success"]
[1289218][1691923134535][main][info]["performShellDataMigration: Starting shell data migration"]
[1289218][1691923134536][main][info]["migrateShellData:Starting"]
[1289218][1691923134554][main][info]["migrateShellData: Old storage cleaned up"]
[1289218][1691923134733][main][info]["migrateShellData: Got data from shell. Writing to storage"]
[1289218][1691923134748][main][info]["performShellDataMigration: Migration successful on try count 1"]
[1289218][1691923134755][main][info]["UpdateHandler~init - Success"]
[1289218][1691923134758][main][info]["LeaderSelection: Initialized successfully"]
[1289218][1691923134759][main][info]["VersionDependencyService: Initialized successfully"]
[1289218][1691923134770][main][info]["Generated root certificate for linux"]
[1289218][1691923134773][main][info]["LinuxAutoUpdater~Cleanup - Initial cleanup successful"]
[1289218][1691923134792][main][info]["GPU detected VID 32902 DID 22807 ACTIVE true"]
[1289218][1691923134816][main][info]["shellController~init: Success"]
[1289218][1691923134828][main][info]["shellMeta~init: Success"]
[1289218][1691923134828][main][info]["partitionMigrationService: State of V7 partition:"]
[1289218][1691923134828][main][info]["partitionMigrationService: V7 partitions",[]]
[1289218][1691923134829][main][info]["partitionMigrationService~rectifyNamespaceOfScratchPadPartition: There is no partition with scratchpad namespace"]
[1289218][1691923134829][main][info]["partitionMigrationService~rectifyNamespaceOfScratchPadPartition: There is no transit partition which could have been used for scratchpad"]
[1289218][1691923134829][main][info]["partitionMigrationService~init: Success"]
[1289218][1691923134846][main][info]["partitionMigrationService~runV8PartitionsIntegrity: Two way migration~ removing the following partitions from v8",[]]
[1289218][1691923134873][main][info]["userPartitionService~_rectifyTheActivePartitionOfApplication: Setting the active partition to ",null]
[1289218][1691923134885][main][info]["userPartitionService~init: Success"]
[1289218][1691923134909][main][info]["userPartitionService: State of v8 partition system:"]
[1289218][1691923134913][main][info]["shell~init~getPartitionToLoad: loading scratchpad partition"]
[1289218][1691923134915][main][info]["userPartitionService: List of partitions:",[]]
[1289218][1691923134915][main][info]["userPartitionService: users global meta:",{}]
[1289218][1691923136900][main][info]["RuntimeIPCAgent~started: Success"]
[1289218][1691923137713][main][info]["UpdateHandler~app-update-events - Received event",{"name":"checkForElectronVersionUpdated","namespace":"appUpdate"}]
[1289218][1691923137723][main][info]["windowManager: First requester booted successfully."]
[1289218][1691923137723][main][info]["windowManager~restoreWindows: Restoring requester windows"]
[1289218][1691923137723][main][info]["Main~AppEvents - Received booted event for process requester.Version undefined UI Version: undefined Desktop Platform Version: 10.16.0"]
[1289218][1691923148618][main][info]["UpdateHandler~app-update-events - Received event",{"name":"updateElectron","namespace":"appUpdate","data":{"channel":"stable","version":"10.16.0","downloadVersion":"10.17.0","appId":"2ea62b78-16f6-476c-865d-0987be63085b","userAgent":"Mozilla/5.0 (X11; Linux x86_64) AppleWebKit/537.36 (KHTML, like Gecko) Postman/10.16.0 Chrome/100.0.4896.160 Electron/18.3.5 Safari/537.36","platform":"LINUX","arch":"64","downloadURL":"https://dl.pstmn.io/download/version/10.17.0/linux_64","updateServerDomain":"https://dl.pstmn.io/","additionalParamsString":"installationId=2ea62b78-16f6-476c-865d-0987be63085b&userId=0&syncEnabled=false&teamPlan=&teamId=0","userId":"0"}}]
[1289218][1691923148621][main][info]["LinuxUpdater~downloadUpdate - UpdateInfo received",{"channel":"stable","version":"10.16.0","downloadVersion":"10.17.0","appId":"2ea62b78-16f6-476c-865d-0987be63085b","userAgent":"Mozilla/5.0 (X11; Linux x86_64) AppleWebKit/537.36 (KHTML, like Gecko) Postman/10.16.0 Chrome/100.0.4896.160 Electron/18.3.5 Safari/537.36","platform":"LINUX","arch":"64","downloadURL":"https://dl.pstmn.io/download/version/10.17.0/linux_64","updateServerDomain":"https://dl.pstmn.io/","additionalParamsString":"installationId=2ea62b78-16f6-476c-865d-0987be63085b&userId=0&syncEnabled=false&teamPlan=&teamId=0","userId":"0"}]
[1289218][1691923171969][main][info]["WindowManager~closeHandler - Closed Window (id: 2 )"]
[1289218][1691923172057][main][info]["Quitting app"]
[1290583][1691923182112][main][info]["Booting Postman 10.16.0, linux-6.4.9-arch1-1 on x64"]
[1290583][1691923182115][main][info]["EventBus~initialize - Success"]
[1290583][1691923182117][main][info]["Proxy configuration has not been setup"]
[1290583][1691923182118][main][info]["CloudProxyManager~init - Success"]
[1290583][1691923182137][main][info]["performShellDataMigration: Migration has already been done. Bailing out"]
[1290583][1691923182145][main][info]["UpdateHandler~init - Success"]
[1290583][1691923182147][main][info]["LeaderSelection: Initialized successfully"]
[1290583][1691923182148][main][info]["VersionDependencyService: Initialized successfully"]
[1290583][1691923182165][main][info]["LinuxAutoUpdater~Cleanup - Initial cleanup successful"]
[1290583][1691923182169][main][info]["GPU detected VID 32902 DID 22807 ACTIVE true"]
[1290583][1691923182200][main][info]["shellController~init: Success"]
[1290583][1691923182206][main][info]["shellMeta~init: Success"]
[1290583][1691923182206][main][info]["partitionMigrationService: State of V7 partition:"]
[1290583][1691923182207][main][info]["partitionMigrationService: V7 partitions",[]]
[1290583][1691923182207][main][info]["partitionMigrationService~rectifyNamespaceOfScratchPadPartition: There is no partition with scratchpad namespace"]
[1290583][1691923182207][main][info]["partitionMigrationService~rectifyNamespaceOfScratchPadPartition: There is no transit partition which could have been used for scratchpad"]
[1290583][1691923182207][main][info]["partitionMigrationService~init: Success"]
[1290583][1691923182218][main][info]["partitionMigrationService~runV8PartitionsIntegrity: Two way migration~ removing the following partitions from v8",[]]
[1290583][1691923182224][main][info]["userPartitionService~_rectifyTheActivePartitionOfApplication: Setting the active partition to ",null]
[1290583][1691923182238][main][info]["userPartitionService~init: Success"]
[1290583][1691923182274][main][info]["userPartitionService: State of v8 partition system:"]
[1290583][1691923182279][main][info]["shell~init~getPartitionToLoad: loading scratchpad partition"]
[1290583][1691923182282][main][info]["userPartitionService: List of partitions:",[{"partitionId":"ed2d0e3b-6d78-4366-b9f7-2aecc002bbcb","namespace":"scratchPad","userId":0,"teamId":0,"isDirty":false}]]
[1290583][1691923182283][main][info]["userPartitionService: users global meta:",{}]
[1290583][1691923184045][main][info]["RuntimeIPCAgent~started: Success"]
[1290583][1691923184232][main][info]["UpdateHandler~app-update-events - Received event",{"name":"checkForElectronVersionUpdated","namespace":"appUpdate"}]
[1290583][1691923184241][main][info]["windowManager: First requester booted successfully."]
[1290583][1691923184241][main][info]["windowManager~restoreWindows: Restoring requester windows"]
[1290583][1691923184241][main][info]["Main~AppEvents - Received booted event for process requester.Version undefined UI Version: undefined Desktop Platform Version: 10.16.0"]
[1290583][1691923195099][main][info]["UpdateHandler~app-update-events - Received event",{"name":"updateElectron","namespace":"appUpdate","data":{"channel":"stable","version":"10.16.0","downloadVersion":"10.17.0","appId":"2ea62b78-16f6-476c-865d-0987be63085b","userAgent":"Mozilla/5.0 (X11; Linux x86_64) AppleWebKit/537.36 (KHTML, like Gecko) Postman/10.16.0 Chrome/100.0.4896.160 Electron/18.3.5 Safari/537.36","platform":"LINUX","arch":"64","downloadURL":"https://dl.pstmn.io/download/version/10.17.0/linux_64","updateServerDomain":"https://dl.pstmn.io/","additionalParamsString":"installationId=2ea62b78-16f6-476c-865d-0987be63085b&userId=0&syncEnabled=false&teamPlan=&teamId=0","userId":"0"}}]
[1290583][1691923195101][main][info]["LinuxUpdater~downloadUpdate - UpdateInfo received",{"channel":"stable","version":"10.16.0","downloadVersion":"10.17.0","appId":"2ea62b78-16f6-476c-865d-0987be63085b","userAgent":"Mozilla/5.0 (X11; Linux x86_64) AppleWebKit/537.36 (KHTML, like Gecko) Postman/10.16.0 Chrome/100.0.4896.160 Electron/18.3.5 Safari/537.36","platform":"LINUX","arch":"64","downloadURL":"https://dl.pstmn.io/download/version/10.17.0/linux_64","updateServerDomain":"https://dl.pstmn.io/","additionalParamsString":"installationId=2ea62b78-16f6-476c-865d-0987be63085b&userId=0&syncEnabled=false&teamPlan=&teamId=0","userId":"0"}]
[1290583][1691923205745][main][info]["VersionDependencyService: Resetting UI version as user logged out/switched account"]
[1290583][1691923205746][main][info]["Main - model-events~user - (users, add) received"]
[1290583][1691923206184][main][warn]["AuthHandler~open: Current app is not default protocol client - Falling back to polling mechanism."]
[1290583][1691923257332][main][info]["LinuxAutoUpdater~Extraction completed",{"packageName":"Postman","eID":"Postman-1691923195102","downloadURL":"https://dl.pstmn.io/download/version/10.17.0/linux_64","downloadDirectory":"/opt/Postman","downloadInfo":{"status":"DOWNLOAD_COMPLETED","error":null,"downloadDirectory":"/opt/Postman"},"extractInfo":{"status":"EXTRACTION_SUCCESSFUL","error":null,"extractDirectory":"/opt/Postman","standardOutput":"","standardError":""}}]
[1290583][1691923257333][main][info]["@postman/app-updater: Update updateDownloaded","","Postman 10.17.0","","https://dl.pstmn.io/download/version/10.17.0/linux_64"]
[1290583][1691923257333][main][info]["UpdateHandler~app-update-events - Received event",{"name":"electronAppUpdateDownloaded","namespace":"appUpdate","data":{"releaseName":"Postman 10.17.0","notes":"","date":"","URL":"https://dl.pstmn.io/download/version/10.17.0/linux_64"}}]
[1290583][1691923260460][main][info]["Shell~init~loginUser: associating the user ","23947703"," with transit partition"]
[1290583][1691923260516][main][info]["userPartitionService~associateTransitPartition: ",{"partitionId":"d1751e4c-78cd-465e-9f03-fe71a3e06e06","context":{"namespace":"users","userId":"23947703","teamId":"0"}}]
[1290583][1691923260541][main][info]["userPartitionService: State of v8 partition system:"]
[1290583][1691923260552][main][info]["userPartitionService: List of partitions:",[{"partitionId":"d1751e4c-78cd-465e-9f03-fe71a3e06e06","namespace":"users","userId":"23947703","teamId":"0","lastUpdated":"2023-08-13T10:41:00.516Z"},{"partitionId":"ed2d0e3b-6d78-4366-b9f7-2aecc002bbcb","namespace":"scratchPad","userId":0,"teamId":0,"isDirty":false}]]
[1290583][1691923260553][main][info]["userPartitionService: users global meta:",{}]
[1290583][1691923270528][main][info]["Main - model-events~user - (user, update) received"]
[1290583][1691923270529][main][info]["Main~reload: https://desktop.postman.com/?desktopVersion=10.16.0&userId=23947703&teamId=0"]
[1290583][1691923270853][main][info]["UpdateHandler~app-update-events - Received event",{"name":"checkForElectronVersionUpdated","namespace":"appUpdate"}]
[1290583][1691923270870][main][info]["windowManager: First requester booted successfully."]
[1290583][1691923270870][main][info]["windowManager~restoreWindows: Restoring requester windows"]
[1290583][1691923270870][main][info]["Main~AppEvents - Received booted event for process requester.Version 10.16.9 UI Version: 10.16.9-ui-230809-1232 Desktop Platform Version: 10.16.0"]
[1290583][1691923271148][main][info]["Main~getPlatformLaunchPerfMetrics"]
[1290583][1691923274653][main][info]["Main - model-events~user - (user, update) received"]
[1290583][1691923274997][main][info]["UpdateHandler~app-update-events - Received event",{"name":"checkForElectronVersionUpdated","namespace":"appUpdate"}]
[1290583][1691923275012][main][info]["Main~AppEvents - Received booted event for process requester.Version 10.16.9 UI Version: 10.16.9-ui-230809-1232 Desktop Platform Version: 10.16.0"]
[1290583][1691923275729][main][info]["Main~getPlatformLaunchPerfMetrics"]
[1290583][1691923275784][main][info]["Main - model-events~user - (user, bootstrapUser) received"]
[1290583][1691923275784][main][info]["model-events~user - bootstrapUser received"]
[1290583][1691923275786][main][info]["Main - model-events~user - (user, bootstrapUser) received"]
[1290583][1691923275786][main][info]["model-events~user - bootstrapUser received"]
[1290583][1691923275827][main][info]["userPartitionService~associateTransitPartition: ",{"partitionId":"d1751e4c-78cd-465e-9f03-fe71a3e06e06","context":{"namespace":"users","userId":"23947703","teamId":"0"}}]
[1290583][1691923275830][main][info]["userPartitionService~associateTransitPartition: ",{"partitionId":"d1751e4c-78cd-465e-9f03-fe71a3e06e06","context":{"namespace":"users","userId":"23947703","teamId":"0"}}]
[1290583][1691923275878][main][info]["userPartitionService: State of v8 partition system:"]
[1290583][1691923275884][main][info]["userPartitionService: State of v8 partition system:"]
[1290583][1691923275890][main][info]["userPartitionService: List of partitions:",[{"partitionId":"d1751e4c-78cd-465e-9f03-fe71a3e06e06","namespace":"users","userId":"23947703","teamId":"0","lastUpdated":"2023-08-13T10:41:15.830Z"},{"partitionId":"ed2d0e3b-6d78-4366-b9f7-2aecc002bbcb","namespace":"scratchPad","userId":0,"teamId":0,"isDirty":false}]]
[1290583][1691923275891][main][info]["userPartitionService: users global meta:",{}]
[1290583][1691923275893][main][info]["userPartitionService: List of partitions:",[{"partitionId":"d1751e4c-78cd-465e-9f03-fe71a3e06e06","namespace":"users","userId":"23947703","teamId":"0","lastUpdated":"2023-08-13T10:41:15.830Z"},{"partitionId":"ed2d0e3b-6d78-4366-b9f7-2aecc002bbcb","namespace":"scratchPad","userId":0,"teamId":0,"isDirty":false}]]
[1290583][1691923275893][main][info]["userPartitionService: users global meta:",{}]
[1290583][1691923286152][main][info]["UpdateHandler~app-update-events - Received event",{"name":"updateElectron","namespace":"appUpdate","data":{"channel":"stable","version":"10.16.0","downloadVersion":"10.17.0","appId":"2ea62b78-16f6-476c-865d-0987be63085b","userAgent":"Mozilla/5.0 (X11; Linux x86_64) AppleWebKit/537.36 (KHTML, like Gecko) Postman/10.16.0 Chrome/100.0.4896.160 Electron/18.3.5 Safari/537.36","platform":"LINUX","arch":"64","downloadURL":"https://dl.pstmn.io/download/version/10.17.0/linux_64","updateServerDomain":"https://dl.pstmn.io/","additionalParamsString":"installationId=2ea62b78-16f6-476c-865d-0987be63085b&userId=23947703&syncEnabled=true&teamPlan=&teamId=0","userId":"23947703"}}]
[1290583][1691923286153][main][info]["LinuxUpdater~downloadUpdate - UpdateInfo received",{"channel":"stable","version":"10.16.0","downloadVersion":"10.17.0","appId":"2ea62b78-16f6-476c-865d-0987be63085b","userAgent":"Mozilla/5.0 (X11; Linux x86_64) AppleWebKit/537.36 (KHTML, like Gecko) Postman/10.16.0 Chrome/100.0.4896.160 Electron/18.3.5 Safari/537.36","platform":"LINUX","arch":"64","downloadURL":"https://dl.pstmn.io/download/version/10.17.0/linux_64","updateServerDomain":"https://dl.pstmn.io/","additionalParamsString":"installationId=2ea62b78-16f6-476c-865d-0987be63085b&userId=23947703&syncEnabled=true&teamPlan=&teamId=0","userId":"23947703"}]
[1290583][1691923398226][main][info]["LinuxAutoUpdater~Extraction completed",{"packageName":"Postman","eID":"Postman-1691923286153","downloadURL":"https://dl.pstmn.io/download/version/10.17.0/linux_64","downloadDirectory":"/opt/Postman","downloadInfo":{"status":"DOWNLOAD_COMPLETED","error":null,"downloadDirectory":"/opt/Postman"},"extractInfo":{"status":"EXTRACTION_SUCCESSFUL","error":null,"extractDirectory":"/opt/Postman","standardOutput":"","standardError":""}}]
[1290583][1691923398226][main][info]["@postman/app-updater: Update updateDownloaded","","Postman 10.17.0","","https://dl.pstmn.io/download/version/10.17.0/linux_64"]
[1290583][1691923398227][main][info]["UpdateHandler~app-update-events - Received event",{"name":"electronAppUpdateDownloaded","namespace":"appUpdate","data":{"releaseName":"Postman 10.17.0","notes":"","date":"","URL":"https://dl.pstmn.io/download/version/10.17.0/linux_64"}}]
[1290583][1692356719688][main][info]["Quitting app"]
[1290583][1692356719694][main][info]["Applying update and quit the app"]
[1290583][1692356719694][main][info]["@postman/app-updater: quitting app to update"]
[1290583][1692356719695][main][info]["LinuxAutoUpdater~quitAndInstall - Initiated"]
[1290583][1692356719697][main][info]["LinuxAutoUpdater~quitAndInstall - Quitting for update"]
[3337479][1692764902464][main][info]["Booting Postman 10.17.0, linux-6.4.9-arch1-1 on x64"]
[3337479][1692764902467][main][info]["EventBus~initialize - Success"]
[3337479][1692764902469][main][info]["Proxy configuration has not been setup"]
[3337479][1692764902470][main][info]["CloudProxyManager~init - Success"]
[3337479][1692764902491][main][info]["performShellDataMigration: Migration has already been done. Bailing out"]
[3337479][1692764902499][main][info]["UpdateHandler~init - Success"]
[3337479][1692764902501][main][info]["LeaderSelection: Initialized successfully"]
[3337479][1692764902502][main][info]["VersionDependencyService: Initialized successfully"]
[3337479][1692764902577][main][info]["GPU detected VID 32902 DID 22807 ACTIVE true"]
[3337479][1692764903240][main][info]["LinuxAutoUpdater~Cleanup - Initial cleanup successful"]
[3337479][1692764903250][main][info]["shellController~init: Success"]
[3337479][1692764903264][main][info]["shellMeta~init: Success"]
[3337479][1692764903264][main][info]["partitionMigrationService: State of V7 partition:"]
[3337479][1692764903265][main][info]["partitionMigrationService: V7 partitions",[]]
[3337479][1692764903265][main][info]["partitionMigrationService~rectifyNamespaceOfScratchPadPartition: There is no partition with scratchpad namespace"]
[3337479][1692764903265][main][info]["partitionMigrationService~rectifyNamespaceOfScratchPadPartition: There is no transit partition which could have been used for scratchpad"]
[3337479][1692764903265][main][info]["partitionMigrationService~init: Success"]
[3337479][1692764903279][main][info]["partitionMigrationService~runV8PartitionsIntegrity: Two way migration~ removing the following partitions from v8",[]]
[3337479][1692764903283][main][info]["userPartitionService~getRecentV8UserPartition: recent v8 user context partition ","d1751e4c-78cd-465e-9f03-fe71a3e06e06"]
[3337479][1692764903284][main][info]["userPartitionService~_rectifyTheActivePartitionOfApplication: Setting the active partition to ","d1751e4c-78cd-465e-9f03-fe71a3e06e06"]
[3337479][1692764903295][main][info]["userPartitionService~init: Success"]
[3337479][1692764903331][main][info]["userPartitionService: State of v8 partition system:"]
[3337479][1692764903334][main][info]["shell~init~getPartitionToLoad: loading active partition"]
[3337479][1692764903348][main][info]["userPartitionService: List of partitions:",[{"partitionId":"d1751e4c-78cd-465e-9f03-fe71a3e06e06","namespace":"users","userId":"23947703","teamId":"0","lastUpdated":"2023-08-13T10:41:15.830Z"},{"partitionId":"ed2d0e3b-6d78-4366-b9f7-2aecc002bbcb","namespace":"scratchPad","userId":0,"teamId":0,"isDirty":false}]]
[3337479][1692764903348][main][info]["userPartitionService: users global meta:",{}]
[3337479][1692764908161][main][info]["RuntimeIPCAgent~started: Success"]
[3337479][1692764908378][main][info]["Main~getRemoteInitPath:: "]
[3337479][1692764908657][main][info]["UpdateHandler~app-update-events - Received event",{"name":"checkForElectronVersionUpdated","namespace":"appUpdate"}]
[3337479][1692764908659][main][info]["@postman/app-updater: version Updated","10.16.0","10.17.0"]
[3337479][1692764908660][main][info]["UpdateHandler~app-update-events - Received event",{"name":"electronVersionUpdated","namespace":"appUpdate","data":{"lastKnownVersion":"10.16.0","currentVersion":"10.17.0"}}]
[3337479][1692764908675][main][info]["windowManager: First requester booted successfully."]
[3337479][1692764908675][main][info]["windowManager~restoreWindows: Restoring requester windows"]
[3337479][1692764908676][main][info]["Main~AppEvents - Received booted event for process requester.Version 10.17.1 UI Version: 10.17.1-ui-230811-1545 Desktop Platform Version: 10.17.0"]
[3337479][1692764908769][main][info]["Main~getRemoteInitPath:: "]
[3337479][1692764909192][main][info]["Main~getPlatformLaunchPerfMetrics"]
[3337479][1692764909619][main][info]["Main - model-events~user - (user, bootstrapUser) received"]
[3337479][1692764909619][main][info]["model-events~user - bootstrapUser received"]
[3337479][1692764918654][main][info]["Main - model-events~user - (authentication, reauthenticate) received"]
[3337479][1692764919073][main][warn]["AuthHandler~open: Current app is not default protocol client - Falling back to polling mechanism."]
[3337479][1692764959858][main][info]["Shell~init~loginUser: Updating existing user details"]
[3337479][1692764959858][main][info]["userPartitionService~associateTransitPartition: ",{"partitionId":"d1751e4c-78cd-465e-9f03-fe71a3e06e06","context":{"namespace":"users","userId":"23947703","teamId":"0"}}]
[3337479][1692764959881][main][info]["userPartitionService: State of v8 partition system:"]
[3337479][1692764959887][main][info]["userPartitionService: List of partitions:",[{"partitionId":"d1751e4c-78cd-465e-9f03-fe71a3e06e06","namespace":"users","userId":"23947703","teamId":"0","lastUpdated":"2023-08-23T04:29:19.858Z"},{"partitionId":"ed2d0e3b-6d78-4366-b9f7-2aecc002bbcb","namespace":"scratchPad","userId":0,"teamId":0,"isDirty":false}]]
[3337479][1692764959888][main][info]["userPartitionService: users global meta:",{}]
[3337479][1692764962176][main][info]["Main~getRemoteInitPath:: "]
[3337479][1692764962464][main][info]["UpdateHandler~app-update-events - Received event",{"name":"checkForElectronVersionUpdated","namespace":"appUpdate"}]
[3337479][1692764962483][main][info]["windowManager: First requester booted successfully."]
[3337479][1692764962483][main][info]["windowManager~restoreWindows: Restoring requester windows"]
[3337479][1692764962483][main][info]["Main~AppEvents - Received booted event for process requester.Version 10.17.1 UI Version: 10.17.1-ui-230811-1545 Desktop Platform Version: 10.17.0"]
[3337479][1692764962574][main][info]["Main~getRemoteInitPath:: "]
[3337479][1692764962705][main][info]["Main~getPlatformLaunchPerfMetrics"]
[3337479][1692764963143][main][info]["Main - model-events~user - (user, update) received"]
[3337479][1692764963144][main][info]["Main~reload: https://desktop.postman.com/?desktopVersion=10.17.0&webVersion=10.17.1-ui-230811-1545&userId=23947703&teamId=0"]
[3337479][1692764964366][main][info]["Main~getRemoteInitPath:: "]
[3337479][1692764964599][main][info]["UpdateHandler~app-update-events - Received event",{"name":"checkForElectronVersionUpdated","namespace":"appUpdate"}]
[3337479][1692764964611][main][info]["Main~AppEvents - Received booted event for process requester.Version 10.17.1 UI Version: 10.17.1-ui-230811-1545 Desktop Platform Version: 10.17.0"]
[3337479][1692764964663][main][info]["Main~getRemoteInitPath:: "]
[3337479][1692764964746][main][info]["Main~getPlatformLaunchPerfMetrics"]
[3337479][1692764964842][main][info]["Main - model-events~user - (user, update) received"]
[3337479][1692764966758][main][info]["Main - model-events~user - (user, bootstrapUser) received"]
[3337479][1692764966758][main][info]["model-events~user - bootstrapUser received"]
[3337479][1692764966773][main][info]["userPartitionService~associateTransitPartition: ",{"partitionId":"d1751e4c-78cd-465e-9f03-fe71a3e06e06","context":{"namespace":"users","userId":"23947703","teamId":"0"}}]
[3337479][1692764966796][main][info]["userPartitionService: State of v8 partition system:"]
[3337479][1692764966799][main][info]["userPartitionService: List of partitions:",[{"partitionId":"d1751e4c-78cd-465e-9f03-fe71a3e06e06","namespace":"users","userId":"23947703","teamId":"0","lastUpdated":"2023-08-23T04:29:26.773Z"},{"partitionId":"ed2d0e3b-6d78-4366-b9f7-2aecc002bbcb","namespace":"scratchPad","userId":0,"teamId":0,"isDirty":false}]]
[3337479][1692764966799][main][info]["userPartitionService: users global meta:",{}]
[3337479][1692764966870][main][info]["Main - model-events~user - (user, bootstrapUser) received"]
[3337479][1692764966870][main][info]["model-events~user - bootstrapUser received"]
[3337479][1692764966894][main][info]["userPartitionService~associateTransitPartition: ",{"partitionId":"d1751e4c-78cd-465e-9f03-fe71a3e06e06","context":{"namespace":"users","userId":"23947703","teamId":"0"}}]
[3337479][1692764966918][main][info]["userPartitionService: State of v8 partition system:"]
[3337479][1692764966921][main][info]["userPartitionService: List of partitions:",[{"partitionId":"d1751e4c-78cd-465e-9f03-fe71a3e06e06","namespace":"users","userId":"23947703","teamId":"0","lastUpdated":"2023-08-23T04:29:26.894Z"},{"partitionId":"ed2d0e3b-6d78-4366-b9f7-2aecc002bbcb","namespace":"scratchPad","userId":0,"teamId":0,"isDirty":false}]]
[3337479][1692764966922][main][info]["userPartitionService: users global meta:",{}]
[3337479][1692764975830][main][info]["UpdateHandler~app-update-events - Received event",{"name":"updateElectron","namespace":"appUpdate","data":{"channel":"stable","version":"10.17.0","downloadVersion":"10.17.3","appId":"2ea62b78-16f6-476c-865d-0987be63085b","userAgent":"Mozilla/5.0 (X11; Linux x86_64) AppleWebKit/537.36 (KHTML, like Gecko) Postman/10.17.0 Chrome/100.0.4896.160 Electron/18.3.5 Safari/537.36","platform":"LINUX","arch":"64","downloadURL":"https://dl.pstmn.io/download/version/10.17.3/linux_64","updateServerDomain":"https://dl.pstmn.io/","additionalParamsString":"installationId=2ea62b78-16f6-476c-865d-0987be63085b&userId=23947703&syncEnabled=true&teamPlan=&teamId=0","userId":"23947703"}}]
[3337479][1692764975831][main][info]["LinuxUpdater~downloadUpdate - UpdateInfo received",{"channel":"stable","version":"10.17.0","downloadVersion":"10.17.3","appId":"2ea62b78-16f6-476c-865d-0987be63085b","userAgent":"Mozilla/5.0 (X11; Linux x86_64) AppleWebKit/537.36 (KHTML, like Gecko) Postman/10.17.0 Chrome/100.0.4896.160 Electron/18.3.5 Safari/537.36","platform":"LINUX","arch":"64","downloadURL":"https://dl.pstmn.io/download/version/10.17.3/linux_64","updateServerDomain":"https://dl.pstmn.io/","additionalParamsString":"installationId=2ea62b78-16f6-476c-865d-0987be63085b&userId=23947703&syncEnabled=true&teamPlan=&teamId=0","userId":"23947703"}]
[3337479][1692765113495][main][info]["LinuxAutoUpdater~Extraction completed",{"packageName":"Postman","eID":"Postman-1692764975832","downloadURL":"https://dl.pstmn.io/download/version/10.17.3/linux_64","downloadDirectory":"/opt/Postman","downloadInfo":{"status":"DOWNLOAD_COMPLETED","error":null,"downloadDirectory":"/opt/Postman"},"extractInfo":{"status":"EXTRACTION_SUCCESSFUL","error":null,"extractDirectory":"/opt/Postman","standardOutput":"","standardError":""}}]
[3337479][1692765113496][main][info]["@postman/app-updater: Update updateDownloaded","","Postman 10.17.3","","https://dl.pstmn.io/download/version/10.17.3/linux_64"]
[3337479][1692765113496][main][info]["UpdateHandler~app-update-events - Received event",{"name":"electronAppUpdateDownloaded","namespace":"appUpdate","data":{"releaseName":"Postman 10.17.3","notes":"","date":"","URL":"https://dl.pstmn.io/download/version/10.17.3/linux_64"}}]
